<?xml version="1.0" encoding="UTF-8"?>
<!-- Generated by org.testng.reporters.JUnitReportReporter -->
<testsuite skipped="0" hostname="DESKTOP-L3RQ4M2" name="com.nicor.tests.TC_02_018" tests="1" failures="0" timestamp="28 Jan 2021 14:56:33 GMT" time="14.917" errors="0">
  <testcase name="testGlossaryPage" time="14.917" classname="com.nicor.tests.TC_02_018"/>
</testsuite> <!-- com.nicor.tests.TC_02_018 -->
